<?xml version="1.0" encoding="UTF-8"?>
<!-- Generated by org.testng.reporters.JUnitXMLReporter -->
<testsuite hostname="GEORGE" name="TC_3" tests="3" failures="0" timestamp="29 Oct 2020 20:23:55 GMT" time="6.346" errors="0">
  <testcase name="@BeforeTest InitialSetup" time="0.0" classname="com.gSTAX.Setup.InitialSetup">
    <failure type="java.nio.file.InvalidPathException" message="Illegal char &amp;lt;:&amp;gt; at index 36: Test Results\TestSuite-30\53\2020 01:55.html">
      <![CDATA[java.nio.file.InvalidPathException: Illegal char <:> at index 36: Test Results\TestSuite-30\53\2020 01:55.html
	at sun.nio.fs.WindowsPathParser.normalize(Unknown Source)
	at sun.nio.fs.WindowsPathParser.parse(Unknown Source)
	at sun.nio.fs.WindowsPathParser.parse(Unknown Source)
	at sun.nio.fs.WindowsPath.parse(Unknown Source)
	at sun.nio.fs.WindowsFileSystem.getPath(Unknown Source)
	at java.io.File.toPath(Unknown Source)
	at com.aventstack.extentreports.reporter.AbstractFileReporter.<init>(AbstractFileReporter.java:40)
	at com.aventstack.extentreports.reporter.ExtentSparkReporter.<init>(ExtentSparkReporter.java:51)
	at com.gSTAX.Setup.InitialSetup.InitialSetup(InitialSetup.java:47)
	at com.gSTAX.Setup.CreateXML.runTestNGTest(CreateXML.java:69)
... Removed 43 stack frames]]>
    </failure>
  </testcase> <!-- @BeforeTest InitialSetup -->
  <testcase name="@BeforeTest beforeTest" time="0.0" classname="com.gSTAX.Setup.InitialSetup">
    <skipped/>
  </testcase> <!-- @BeforeTest beforeTest -->
  <testcase name="@AfterTest afterTest" time="0.0" classname="com.gSTAX.Tests.Facebook">
    <skipped/>
  </testcase> <!-- @AfterTest afterTest -->
  <testcase name="@AfterTest endTest" time="0.0" classname="com.gSTAX.Tests.Facebook">
    <skipped/>
  </testcase> <!-- @AfterTest endTest -->
  <testcase name="extentReportsDemo" time="0.0" classname="com.gSTAX.Setup.InitialSetup">
    <skipped/>
  </testcase> <!-- extentReportsDemo -->
  <testcase name="test" time="0.0" classname="com.gSTAX.Tests.Facebook">
    <skipped/>
  </testcase> <!-- test -->
  <testcase name="extentReportsDemo" time="0.0" classname="com.gSTAX.Tests.Facebook">
    <skipped/>
  </testcase> <!-- extentReportsDemo -->
</testsuite> <!-- TC_3 -->
